  C++ Calculator.cpp
D:\GitHub\Cpp-Calculator\C++ Calculator\C++ Calculator\C++ Calculator.cpp(44,31): warning C4244: '=': conversion from 'double' to 'int', possible loss of data
D:\GitHub\Cpp-Calculator\C++ Calculator\C++ Calculator\C++ Calculator.cpp(47,31): warning C4244: '=': conversion from 'double' to 'int', possible loss of data
D:\GitHub\Cpp-Calculator\C++ Calculator\C++ Calculator\C++ Calculator.cpp(50,31): warning C4244: '=': conversion from 'double' to 'int', possible loss of data
D:\GitHub\Cpp-Calculator\C++ Calculator\C++ Calculator\C++ Calculator.cpp(53,31): warning C4244: '=': conversion from 'double' to 'int', possible loss of data
D:\GitHub\Cpp-Calculator\C++ Calculator\C++ Calculator\C++ Calculator.cpp(94,31): warning C4244: 'argument': conversion from '_Ty' to 'int', possible loss of data
          with
          [
              _Ty=double
          ]
D:\GitHub\Cpp-Calculator\C++ Calculator\C++ Calculator\C++ Calculator.cpp(95,31): warning C4244: 'argument': conversion from '_Ty' to 'int', possible loss of data
          with
          [
              _Ty=double
          ]
D:\GitHub\Cpp-Calculator\C++ Calculator\C++ Calculator\C++ Calculator.cpp(111,31): warning C4244: 'argument': conversion from '_Ty' to 'int', possible loss of data
          with
          [
              _Ty=double
          ]
D:\GitHub\Cpp-Calculator\C++ Calculator\C++ Calculator\C++ Calculator.cpp(112,31): warning C4244: 'argument': conversion from '_Ty' to 'int', possible loss of data
          with
          [
              _Ty=double
          ]
D:\GitHub\Cpp-Calculator\C++ Calculator\C++ Calculator\C++ Calculator.cpp(140,45): warning C4267: 'initializing': conversion from 'size_t' to 'int', possible loss of data
D:\GitHub\Cpp-Calculator\C++ Calculator\C++ Calculator\C++ Calculator.cpp(142,52): warning C4267: 'initializing': conversion from 'size_t' to 'int', possible loss of data
  C++ Calculator.vcxproj -> D:\GitHub\Cpp-Calculator\C++ Calculator\x64\Debug\C++ Calculator.exe
